{"meta": {"format": 3, "version": "7.8.0", "timestamp": "2025-04-13T04:04:03.481071", "branch_coverage": false, "show_contexts": false}, "files": {"app\\main.py": {"executed_lines": [], "summary": {"covered_lines": 0, "num_statements": 47, "percent_covered": 0.0, "percent_covered_display": "0", "missing_lines": 47, "excluded_lines": 0}, "missing_lines": [1, 2, 3, 4, 6, 8, 9, 10, 11, 12, 15, 18, 30, 49, 61, 62, 64, 66, 69, 70, 73, 74, 75, 78, 79, 81, 82, 83, 85, 88, 89, 90, 92, 93, 94, 95, 100, 101, 103, 104, 106, 107, 108, 109, 111, 114, 116], "excluded_lines": [], "functions": {"create_config": {"executed_lines": [], "summary": {"covered_lines": 0, "num_statements": 1, "percent_covered": 0.0, "percent_covered_display": "0", "missing_lines": 1, "excluded_lines": 0}, "missing_lines": [30], "excluded_lines": []}, "main": {"executed_lines": [], "summary": {"covered_lines": 0, "num_statements": 31, "percent_covered": 0.0, "percent_covered_display": "0", "missing_lines": 31, "excluded_lines": 0}, "missing_lines": [61, 62, 64, 66, 69, 70, 73, 74, 75, 78, 79, 81, 82, 83, 85, 88, 89, 90, 92, 93, 94, 95, 100, 101, 103, 104, 106, 107, 108, 109, 111], "excluded_lines": []}, "": {"executed_lines": [], "summary": {"covered_lines": 0, "num_statements": 15, "percent_covered": 0.0, "percent_covered_display": "0", "missing_lines": 15, "excluded_lines": 0}, "missing_lines": [1, 2, 3, 4, 6, 8, 9, 10, 11, 12, 15, 18, 49, 114, 116], "excluded_lines": []}}, "classes": {"": {"executed_lines": [], "summary": {"covered_lines": 0, "num_statements": 47, "percent_covered": 0.0, "percent_covered_display": "0", "missing_lines": 47, "excluded_lines": 0}, "missing_lines": [1, 2, 3, 4, 6, 8, 9, 10, 11, 12, 15, 18, 30, 49, 61, 62, 64, 66, 69, 70, 73, 74, 75, 78, 79, 81, 82, 83, 85, 88, 89, 90, 92, 93, 94, 95, 100, 101, 103, 104, 106, 107, 108, 109, 111, 114, 116], "excluded_lines": []}}}}, "totals": {"covered_lines": 0, "num_statements": 47, "percent_covered": 0.0, "percent_covered_display": "0", "missing_lines": 47, "excluded_lines": 0}}